<?xml version="1.0" encoding="UTF-8"?>
<!-- Generated by org.testng.reporters.JUnitXMLReporter -->
<testsuite hostname="Lenovo" ignored="0" name="Default test" tests="6" failures="0" timestamp="06 Feb 2020 09:48:52 GMT" time="0.408" errors="0">
  <testcase name="tc1" time="0.052" classname="org.testNG.ParallelRun"/>
  <testcase name="tc11" time="0.006" classname="org.testNG.ParallelRun"/>
  <testcase name="tc12" time="0.017" classname="org.testNG.ParallelRun"/>
  <testcase name="tc13" time="0.014" classname="org.testNG.ParallelRun"/>
  <testcase name="tc2" time="0.015" classname="org.testNG.ParallelRun"/>
  <testcase name="tc3" time="0.004" classname="org.testNG.ParallelRun"/>
</testsuite> <!-- Default test -->
