<?xml version="1.0" encoding="UTF-8"?>
<testng-results skipped="0" failed="0" ignored="0" total="6" passed="6">
  <reporter-output>
  </reporter-output>
  <suite name="Suite" duration-ms="323" started-at="2020-02-06T09:53:08Z" finished-at="2020-02-06T09:53:08Z">
    <groups>
    </groups>
    <test name="Test" duration-ms="323" started-at="2020-02-06T09:53:08Z" finished-at="2020-02-06T09:53:08Z">
      <class name="org.testNG.ParallelRun">
        <test-method status="PASS" signature="tc11()[pri:0, instance:org.testNG.ParallelRun@724af044]" name="tc11" duration-ms="135" started-at="2020-02-06T09:53:08Z" finished-at="2020-02-06T09:53:08Z">
          <reporter-output>
          </reporter-output>
        </test-method> <!-- tc11 -->
        <test-method status="PASS" signature="tc1()[pri:0, instance:org.testNG.ParallelRun@724af044]" name="tc1" duration-ms="153" started-at="2020-02-06T09:53:08Z" finished-at="2020-02-06T09:53:08Z">
          <reporter-output>
          </reporter-output>
        </test-method> <!-- tc1 -->
        <test-method status="PASS" signature="tc2()[pri:0, instance:org.testNG.ParallelRun@724af044]" name="tc2" duration-ms="112" started-at="2020-02-06T09:53:08Z" finished-at="2020-02-06T09:53:08Z">
          <reporter-output>
          </reporter-output>
        </test-method> <!-- tc2 -->
        <test-method status="PASS" signature="tc13()[pri:0, instance:org.testNG.ParallelRun@724af044]" name="tc13" duration-ms="77" started-at="2020-02-06T09:53:08Z" finished-at="2020-02-06T09:53:08Z">
          <reporter-output>
          </reporter-output>
        </test-method> <!-- tc13 -->
        <test-method status="PASS" signature="tc12()[pri:0, instance:org.testNG.ParallelRun@724af044]" name="tc12" duration-ms="149" started-at="2020-02-06T09:53:08Z" finished-at="2020-02-06T09:53:08Z">
          <reporter-output>
          </reporter-output>
        </test-method> <!-- tc12 -->
        <test-method status="PASS" signature="tc3()[pri:0, instance:org.testNG.ParallelRun@724af044]" name="tc3" duration-ms="4" started-at="2020-02-06T09:53:08Z" finished-at="2020-02-06T09:53:08Z">
          <reporter-output>
          </reporter-output>
        </test-method> <!-- tc3 -->
      </class> <!-- org.testNG.ParallelRun -->
    </test> <!-- Test -->
  </suite> <!-- Suite -->
</testng-results>
